<?xml version="1.0" encoding="UTF-8"?><testsuite errors="0" failures="2" name="as a user I want to create an account on the advantage page" skipped="0" tests="2" time="17.16" timestamp="2021-10-27 08:19:41"><testcase name="Validate Email"><failure message="&#10;Expected: &quot;field empty&quot;&#10;     but: was &quot;Email field is required&quot;" type="java.lang.AssertionError">
Expected: "field empty"
     but: was "Email field is required"</failure><system-err>
Expected: "field empty"
     but: was "Email field is required"&#13;
co.com.tcs.certification.advantage.stepdefinitions.CreateAccountStepDefinitions.theUserWillWatchTheMessage(CreateAccountStepDefinitions.java:72)&#13;
âœ½.the user will watch the message field empty(src/test/resources/features/create_account.feature:32)&#13;
</system-err></testcase></testsuite>