<?xml version="1.0" encoding="UTF-8"?>
<testsuite name="co.com.tcs.certification.api.runners.ApiTest" tests="0" skipped="0" failures="0" errors="0" timestamp="1970-01-01T00:00:00" hostname="50HW016377" time="0.0">
  <properties/>
  <system-out><![CDATA[
?[31mFailed scenarios:?[0m
?[31msrc/test/resources/features/api_consumption.feature:17 ?[0m# create register

1 Scenarios (?[31m1 failed?[0m)
2 Steps (?[31m1 failed?[0m, ?[32m1 passed?[0m)
0m4.278s

java.lang.AssertionError: 
Expected: <200>
     but: was <201>
	at net.serenitybdd.screenplay.ErrorTally.throwSummaryExceptionFrom(ErrorTally.java:36)
	at net.serenitybdd.screenplay.ErrorTally.reportAnyErrors(ErrorTally.java:30)
	at net.serenitybdd.screenplay.Actor.should(Actor.java:301)
	at co.com.tcs.certification.api.stepdefinitions.ApiTestStepDefinitions.theUserWillSeeTheResponseCode(ApiTestStepDefinitions.java:50)
	at ?.the user will see the response code 200(src/test/resources/features/api_consumption.feature:21)

]]></system-out>
  <system-err><![CDATA[SLF4J: Failed to load class "org.slf4j.impl.StaticLoggerBinder".
SLF4J: Defaulting to no-operation (NOP) logger implementation
SLF4J: See http://www.slf4j.org/codes.html#StaticLoggerBinder for further details.
]]></system-err>
</testsuite>
