<?xml version="1.0" encoding="UTF-8"?>
<testsuite name="co.com.tcs.certification.datausa.runners.DataUsa" tests="0" skipped="0" failures="0" errors="0" timestamp="1970-01-01T00:00:00" hostname="DESKTOP-A9JTACO" time="0.0">
  <properties/>
  <system-out><![CDATA[
?[31mFailed scenarios:?[0m
?[31msrc/test/resources/features/data_usa.feature:19 ?[0m# Consult year
?[31msrc/test/resources/features/data_usa.feature:35 ?[0m# Consult code population
?[31msrc/test/resources/features/data_usa.feature:50 ?[0m# New register

5 Scenarios (?[31m3 failed?[0m, ?[32m2 passed?[0m)
10 Steps (?[31m3 failed?[0m, ?[32m7 passed?[0m)
0m4,040s

java.lang.AssertionError: 
Expected: <328239525>
     but: was <328239523>
	at net.serenitybdd.screenplay.ErrorTally.throwSummaryExceptionFrom(ErrorTally.java:36)
	at net.serenitybdd.screenplay.ErrorTally.reportAnyErrors(ErrorTally.java:30)
	at net.serenitybdd.screenplay.Actor.should(Actor.java:301)
	at co.com.tcs.certification.datausa.stepdefinitions.DataUsaStepDefinitions.theUserWillSeeTheCodePopulation(DataUsaStepDefinitions.java:40)
	at ?.the user will see the code Population 328239525(src/test/resources/features/data_usa.feature:24)

java.lang.AssertionError: 
Expected: "0100U"
     but: was "01000US"
	at net.serenitybdd.screenplay.ErrorTally.throwSummaryExceptionFrom(ErrorTally.java:36)
	at net.serenitybdd.screenplay.ErrorTally.reportAnyErrors(ErrorTally.java:30)
	at net.serenitybdd.screenplay.Actor.should(Actor.java:301)
	at co.com.tcs.certification.datausa.stepdefinitions.DataUsaStepDefinitions.theUserWillSeeTheIDNation(DataUsaStepDefinitions.java:50)
	at ?.the user will see the ID Nation 0100U(src/test/resources/features/data_usa.feature:40)

java.lang.AssertionError: 
Expected: <201>
     but: was <301>
	at net.serenitybdd.screenplay.ErrorTally.throwSummaryExceptionFrom(ErrorTally.java:36)
	at net.serenitybdd.screenplay.ErrorTally.reportAnyErrors(ErrorTally.java:30)
	at net.serenitybdd.screenplay.Actor.should(Actor.java:301)
	at co.com.tcs.certification.datausa.stepdefinitions.DataUsaStepDefinitions.theUserWillSeeTheirCodeRegistrationCreatedSuccessfully(DataUsaStepDefinitions.java:60)
	at ?.the user will see their code registration created successfully 201(src/test/resources/features/data_usa.feature:47)

]]></system-out>
  <system-err><![CDATA[SLF4J: Failed to load class "org.slf4j.impl.StaticLoggerBinder".
SLF4J: Defaulting to no-operation (NOP) logger implementation
SLF4J: See http://www.slf4j.org/codes.html#StaticLoggerBinder for further details.
]]></system-err>
</testsuite>
