<?xml version="1.0" encoding="UTF-8"?><testsuite errors="0" failures="3" name="as a user I want to make a purchase on eribank app" skipped="0" tests="4" time="112.06" timestamp="2021-11-18 03:16:24"><testcase name="purchasing and paying"><failure message="&#10;Expected: a string containing &quot;48.00&quot;&#10;     but: was &quot;Your balance is: 40.00$&quot;" type="java.lang.AssertionError">
Expected: a string containing "48.00"
     but: was "Your balance is: 40.00$"</failure><system-err>
Expected: a string containing "48.00"
     but: was "Your balance is: 40.00$"&#13;
co.com.certification.android6nov.stepdefinitions.PurchaseStepDefinitions.theUserValidatesPriceDecrementMatches(PurchaseStepDefinitions.java:39)&#13;
âœ½.the user validates price decrement matches 48.00(src/test/resources/features/purchase.feature:12)&#13;
</system-err></testcase></testsuite>