<?xml version="1.0" encoding="UTF-8"?><testsuite errors="1" failures="0" name="as a user I want to make a purchase on eribank app" skipped="0" tests="1" time="25.16" timestamp="2021-11-19 09:39:17"><testcase name="paying nothing at all"><error message="ACTION_SET_PROGRESS has failed on the element 'android.view.accessibility.AccessibilityNodeInfo@10329; boundsInParent: Rect(0, 0 - 713, 77); boundsInScreen: Rect(341, 644 - 1054, 721); packageName: com.experitest.ExperiBank; className: android.widget.SeekBar; text: null; error: null; maxTextLength: -1; contentDescription: null; viewIdResName: com.experitest.ExperiBank:id/amount; checkable: false; checked: false; focusable: true; focused: false; selected: false; clickable: false; longClickable: false; contextClickable: false; enabled: true; password: false; scrollable: false; importantForAccessibility: true; actions: [AccessibilityAction: ACTION_FOCUS - null, AccessibilityAction: ACTION_SELECT - null, AccessibilityAction: ACTION_CLEAR_SELECTION - null, AccessibilityAction: ACTION_ACCESSIBILITY_FOCUS - null, AccessibilityAction: ACTION_SCROLL_FORWARD - null, AccessibilityAction: ACTION_SHOW_ON_SCREEN - null, AccessibilityAction: ACTION_SET_PROGRESS - null]'. Did you interact with the correct element?&#10;Build info: version: '3.141.59', revision: 'e82be7d358', time: '2018-11-14T08:17:03'&#10;System info: host: '50HW018621', ip: '192.168.0.13', os.name: 'Windows 10', os.arch: 'amd64', os.version: '10.0', java.version: '1.8.0_191'&#10;Driver info: io.appium.java_client.android.AndroidDriver&#10;Capabilities {app: , appActivity: com.experitest.ExperiBank.L..., appPackage: com.experitest.ExperiBank, databaseEnabled: false, desired: {app: , appActivity: com.experitest.ExperiBank.L..., appPackage: com.experitest.ExperiBank, deviceName: emulator-5554, hub: http://0.0.0.0:4723/wd/hub, platformName: android, platformVersion: 8.1}, deviceApiLevel: 27, deviceManufacturer: Google, deviceModel: Android SDK built for x86, deviceName: emulator-5554, deviceScreenDensity: 420, deviceScreenSize: 1080x1920, deviceUDID: emulator-5554, hub: http://0.0.0.0:4723/wd/hub, javascriptEnabled: true, locationContextEnabled: false, networkConnectionEnabled: true, pixelRatio: 2.625, platform: LINUX, platformName: Android, platformVersion: 8.1.0, statBarHeight: 63, takesScreenshot: true, viewportRect: {height: 1731, left: 0, top: 63, width: 1080}, warnings: {}, webStorageEnabled: false}&#10;Session ID: 2ee85a9f-ebf7-48a9-bf83-b48147715659" type="org.openqa.selenium.InvalidElementStateException">ACTION_SET_PROGRESS has failed on the element 'android.view.accessibility.AccessibilityNodeInfo@10329; boundsInParent: Rect(0, 0 - 713, 77); boundsInScreen: Rect(341, 644 - 1054, 721); packageName: com.experitest.ExperiBank; className: android.widget.SeekBar; text: null; error: null; maxTextLength: -1; contentDescription: null; viewIdResName: com.experitest.ExperiBank:id/amount; checkable: false; checked: false; focusable: true; focused: false; selected: false; clickable: false; longClickable: false; contextClickable: false; enabled: true; password: false; scrollable: false; importantForAccessibility: true; actions: [AccessibilityAction: ACTION_FOCUS - null, AccessibilityAction: ACTION_SELECT - null, AccessibilityAction: ACTION_CLEAR_SELECTION - null, AccessibilityAction: ACTION_ACCESSIBILITY_FOCUS - null, AccessibilityAction: ACTION_SCROLL_FORWARD - null, AccessibilityAction: ACTION_SHOW_ON_SCREEN - null, AccessibilityAction: ACTION_SET_PROGRESS - null]'. Did you interact with the correct element?
Build info: version: '3.141.59', revision: 'e82be7d358', time: '2018-11-14T08:17:03'
System info: host: '50HW018621', ip: '192.168.0.13', os.name: 'Windows 10', os.arch: 'amd64', os.version: '10.0', java.version: '1.8.0_191'
Driver info: io.appium.java_client.android.AndroidDriver
Capabilities {app: , appActivity: com.experitest.ExperiBank.L..., appPackage: com.experitest.ExperiBank, databaseEnabled: false, desired: {app: , appActivity: com.experitest.ExperiBank.L..., appPackage: com.experitest.ExperiBank, deviceName: emulator-5554, hub: http://0.0.0.0:4723/wd/hub, platformName: android, platformVersion: 8.1}, deviceApiLevel: 27, deviceManufacturer: Google, deviceModel: Android SDK built for x86, deviceName: emulator-5554, deviceScreenDensity: 420, deviceScreenSize: 1080x1920, deviceUDID: emulator-5554, hub: http://0.0.0.0:4723/wd/hub, javascriptEnabled: true, locationContextEnabled: false, networkConnectionEnabled: true, pixelRatio: 2.625, platform: LINUX, platformName: Android, platformVersion: 8.1.0, statBarHeight: 63, takesScreenshot: true, viewportRect: {height: 1731, left: 0, top: 63, width: 1080}, warnings: {}, webStorageEnabled: false}
Session ID: 2ee85a9f-ebf7-48a9-bf83-b48147715659</error><system-err>ACTION_SET_PROGRESS has failed on the element 'android.view.accessibility.AccessibilityNodeInfo@10329; boundsInParent: Rect(0, 0 - 713, 77); boundsInScreen: Rect(341, 644 - 1054, 721); packageName: com.experitest.ExperiBank; className: android.widget.SeekBar; text: null; error: null; maxTextLength: -1; contentDescription: null; viewIdResName: com.experitest.ExperiBank:id/amount; checkable: false; checked: false; focusable: true; focused: false; selected: false; clickable: false; longClickable: false; contextClickable: false; enabled: true; password: false; scrollable: false; importantForAccessibility: true; actions: [AccessibilityAction: ACTION_FOCUS - null, AccessibilityAction: ACTION_SELECT - null, AccessibilityAction: ACTION_CLEAR_SELECTION - null, AccessibilityAction: ACTION_ACCESSIBILITY_FOCUS - null, AccessibilityAction: ACTION_SCROLL_FORWARD - null, AccessibilityAction: ACTION_SHOW_ON_SCREEN - null, AccessibilityAction: ACTION_SET_PROGRESS - null]'. Did you interact with the correct element?
Build info: version: '3.141.59', revision: 'e82be7d358', time: '2018-11-14T08:17:03'
System info: host: '50HW018621', ip: '192.168.0.13', os.name: 'Windows 10', os.arch: 'amd64', os.version: '10.0', java.version: '1.8.0_191'
Driver info: io.appium.java_client.android.AndroidDriver
Capabilities {app: , appActivity: com.experitest.ExperiBank.L..., appPackage: com.experitest.ExperiBank, databaseEnabled: false, desired: {app: , appActivity: com.experitest.ExperiBank.L..., appPackage: com.experitest.ExperiBank, deviceName: emulator-5554, hub: http://0.0.0.0:4723/wd/hub, platformName: android, platformVersion: 8.1}, deviceApiLevel: 27, deviceManufacturer: Google, deviceModel: Android SDK built for x86, deviceName: emulator-5554, deviceScreenDensity: 420, deviceScreenSize: 1080x1920, deviceUDID: emulator-5554, hub: http://0.0.0.0:4723/wd/hub, javascriptEnabled: true, locationContextEnabled: false, networkConnectionEnabled: true, pixelRatio: 2.625, platform: LINUX, platformName: Android, platformVersion: 8.1.0, statBarHeight: 63, takesScreenshot: true, viewportRect: {height: 1731, left: 0, top: 63, width: 1080}, warnings: {}, webStorageEnabled: false}
Session ID: 2ee85a9f-ebf7-48a9-bf83-b48147715659&#13;
io.appium.java_client.remote.AppiumCommandExecutor.execute(AppiumCommandExecutor.java:239)&#13;
io.appium.java_client.DefaultGenericMobileDriver.execute(DefaultGenericMobileDriver.java:42)&#13;
io.appium.java_client.AppiumDriver.execute(AppiumDriver.java:1)&#13;
io.appium.java_client.android.AndroidDriver.execute(AndroidDriver.java:1)&#13;
io.appium.java_client.DefaultGenericMobileElement.execute(DefaultGenericMobileElement.java:45)&#13;
io.appium.java_client.MobileElement.execute(MobileElement.java:1)&#13;
io.appium.java_client.android.AndroidElement.execute(AndroidElement.java:1)&#13;
co.com.tcs.certification.android6nov.tasks.PayNothing.performAs(PayNothing.java:33)&#13;
co.com.certification.android6nov.stepdefinitions.PurchaseStepDefinitions.userPaysZeroDollars(PurchaseStepDefinitions.java:56)&#13;
cucumber.runner.Runner.runPickle(Runner.java:80)&#13;
</system-err></testcase></testsuite>